Added Component: Designator=B1(button12x12)
Added Component: Designator=B?(button12x12)
Added Component: Designator=Ic1(ESP32-S3)
Added Component: Designator=Ic?(ESP32-S3)
Added Component: Designator=P?(Pin)
Added Component: Designator=P?(Pin)
Added Component: Designator=P?(Pin)
Added Component: Designator=P?(Pin)
Added Component: Designator=Q?(FP-SOT23-MFG)
Add component (AddParameter): Name = "Automotive"; Value = "Yes"; VariantName = "[No Variations]"
Add component (AddParameter): Name = "Automotive Grade"; Value = "Grade 0"; VariantName = "[No Variations]"
Add component (AddParameter): Name = "Category"; Value = "Trans"; VariantName = "[No Variations]"
Add component (AddParameter): Name = "ComponentLink2Description"; Value = "Datasheet"; VariantName = "[No Variations]"
Add component (AddParameter): Name = "ComponentLink2URL"; Value = "https://www.diodes.com/assets/Datasheets/DMG2302UK.pdf"; VariantName = "[No Variations]"
Add component (AddParameter): Name = "Continuous Drain Current"; Value = "2.8A"; VariantName = "[No Variations]"
Add component (AddParameter): Name = "Depletion Mode"; Value = "False"; VariantName = "[No Variations]"
Add component (AddParameter): Name = "Device Class L1"; Value = "Discrete Semiconductors"; VariantName = "[No Variations]"
Add component (AddParameter): Name = "Device Class L2"; Value = "Transistors"; VariantName = "[No Variations]"
Add component (AddParameter): Name = "Device Class L3"; Value = "MOSFETs"; VariantName = "[No Variations]"
Add component (AddParameter): Name = "Digikey Description"; Value = "MOSFET N-CH 20V 2.8A SOT23"; VariantName = "[No Variations]"
Add component (AddParameter): Name = "Drain To Source Breakdown Voltage"; Value = "20V"; VariantName = "[No Variations]"
Add component (AddParameter): Name = "Drain To Source Resistance"; Value = "61m?"; VariantName = "[No Variations]"
Add component (AddParameter): Name = "Drain To Source Voltage"; Value = "20V"; VariantName = "[No Variations]"
Add component (AddParameter): Name = "Footprint Url"; Value = "https://www.diodes.com/assets/Package-Files/SOT23.pdf"; VariantName = "[No Variations]"
Add component (AddParameter): Name = "Gate Charge At Vgs"; Value = "2.8nC @ 10V"; VariantName = "[No Variations]"
Add component (AddParameter): Name = "Gate To Source Voltage"; Value = "12V"; VariantName = "[No Variations]"
Add component (AddParameter): Name = "Height"; Value = "1.1mm"; VariantName = "[No Variations]"
Add component (AddParameter): Name = "Input Capacitace At Vds"; Value = "130pF @ 10V"; VariantName = "[No Variations]"
Add component (AddParameter): Name = "Lead Free"; Value = "Yes"; VariantName = "[No Variations]"
Add component (AddParameter): Name = "Manufacturer"; Value = "Diodes Inc."; VariantName = "[No Variations]"
Add component (AddParameter): Name = "Manufacturer Part Number"; Value = "DMG2302UK-7"; VariantName = "[No Variations]"
Add component (AddParameter): Name = "Max Forward Diode Voltage"; Value = "1.2V"; VariantName = "[No Variations]"
Add component (AddParameter): Name = "Max Junction Temp"; Value = "+150°C"; VariantName = "[No Variations]"
Add component (AddParameter): Name = "Number Of Channels"; Value = "1"; VariantName = "[No Variations]"
Add component (AddParameter): Name = "Number Of N Channels"; Value = "1"; VariantName = "[No Variations]"
Add component (AddParameter): Name = "Octopart"; Value = "https://octopart.com/dmg2302uk-7-diodes+inc.-73850182"; VariantName = "[No Variations]"
Add component (AddParameter): Name = "Package"; Value = "SOT23"; VariantName = "[No Variations]"
Add component (AddParameter): Name = "Power Dissipation"; Value = "0.66W"; VariantName = "[No Variations]"
Add component (AddParameter): Name = "Pulse Drain Current"; Value = "12A"; VariantName = "[No Variations]"
Add component (AddParameter): Name = "Reverse Recovery Charge"; Value = "0.5nC"; VariantName = "[No Variations]"
Add component (AddParameter): Name = "Reverse Recovery Time"; Value = "5.3ns"; VariantName = "[No Variations]"
Add component (AddParameter): Name = "RoHS"; Value = "TRUE"; VariantName = "[No Variations]"
Add component (AddParameter): Name = "Rthja Max"; Value = "192°C/W"; VariantName = "[No Variations]"
Add component (AddParameter): Name = "Standoff Height"; Value = "0.013mm"; VariantName = "[No Variations]"
Add component (AddParameter): Name = "Temperature"; Value = "-55°C to +150°C"; VariantName = "[No Variations]"
Add component (AddParameter): Name = "Temperature Range High"; Value = "+150°C"; VariantName = "[No Variations]"
Add component (AddParameter): Name = "Temperature Range Low"; Value = "-55°C"; VariantName = "[No Variations]"
Add component (AddParameter): Name = "Threshold Vgs Max"; Value = "1V"; VariantName = "[No Variations]"
Add component (AddParameter): Name = "Threshold Vgs Min"; Value = "0.3V"; VariantName = "[No Variations]"
Add component (AddParameter): Name = "Turn Off Delay Time"; Value = "4.2ns"; VariantName = "[No Variations]"
Add component (AddParameter): Name = "Turn On Delay Time"; Value = "0.6ns"; VariantName = "[No Variations]"
Add component (AddParameter): Name = "Typ Forward Diode Voltage"; Value = "0.7V"; VariantName = "[No Variations]"
Added Component: Designator=R1(RESC3116X65X40LL10T20)
Add component (AddParameter): Name = "Manufacturer"; Value = "Yageo"; VariantName = "[No Variations]"
Add component (AddParameter): Name = "Part Number"; Value = "RC1206FR-10750RL"; VariantName = "[No Variations]"
Added Component: Designator=R?(RESC3116X65X40LL10T20)
Add component (AddParameter): Name = "Manufacturer"; Value = "Yageo"; VariantName = "[No Variations]"
Add component (AddParameter): Name = "Part Number"; Value = "RC1206FR-10750RL"; VariantName = "[No Variations]"
Added Component: Designator=R?(RESC3116X65X40LL10T20)
Add component (AddParameter): Name = "Manufacturer"; Value = "Yageo"; VariantName = "[No Variations]"
Add component (AddParameter): Name = "Part Number"; Value = "RC1206FR-10750RL"; VariantName = "[No Variations]"
Added Component: Designator=S?(C1001)
Added Pin To Net: NetName=GND Pin=Ic1-13
Added Pin To Net: NetName=GND Pin=Ic?-13
Added Pin To Net: NetName=GND Pin=P?-1
Added Pin To Net: NetName=GND Pin=P?-1
Added Pin To Net: NetName=GND Pin=Q?-2
Added Pin To Net: NetName=GND Pin=Q?-3
Added Pin To Net: NetName=GND Pin=R1-2
Added Pin To Net: NetName=GND Pin=R?-2
Added Pin To Net: NetName=GND Pin=S?-2
Added Net: Name=GND
Added Pin To Net: NetName=NetB1_1 Pin=B1-1
Added Pin To Net: NetName=NetB1_1 Pin=B?-1
Added Pin To Net: NetName=NetB1_1 Pin=Ic1-12
Added Pin To Net: NetName=NetB1_1 Pin=Ic?-12
Added Net: Name=NetB1_1
Added Pin To Net: NetName=NetB1_4 Pin=B1-4
Added Pin To Net: NetName=NetB1_4 Pin=Ic1-3
Added Pin To Net: NetName=NetB1_4 Pin=R1-1
Added Net: Name=NetB1_4
Added Pin To Net: NetName=NetB?_4 Pin=B?-4
Added Pin To Net: NetName=NetB?_4 Pin=Ic1-2
Added Pin To Net: NetName=NetB?_4 Pin=Ic?-2
Added Pin To Net: NetName=NetB?_4 Pin=R?-1
Added Pin To Net: NetName=NetB?_4 Pin=S?-6
Added Net: Name=NetB?_4
Added Pin To Net: NetName=NetIc1_1 Pin=Ic1-1
Added Pin To Net: NetName=NetIc1_1 Pin=Ic?-1
Added Pin To Net: NetName=NetIc1_1 Pin=R?-2
Added Pin To Net: NetName=NetIc1_1 Pin=S?-5
Added Net: Name=NetIc1_1
Added Pin To Net: NetName=NetIc1_7 Pin=Ic1-7
Added Pin To Net: NetName=NetIc1_7 Pin=S?-4
Added Net: Name=NetIc1_7
Added Pin To Net: NetName=NetIc1_8 Pin=Ic1-8
Added Pin To Net: NetName=NetIc1_8 Pin=S?-3
Added Net: Name=NetIc1_8
Added Pin To Net: NetName=NetIc1_14 Pin=Ic1-14
Added Pin To Net: NetName=NetIc1_14 Pin=S?-1
Added Net: Name=NetIc1_14
Added Pin To Net: NetName=NetP?_1 Pin=P?-1
Added Pin To Net: NetName=NetP?_1 Pin=P?-1
Added Net: Name=NetP?_1
Added Pin To Net: NetName=NetQ?_1 Pin=Q?-1
Added Pin To Net: NetName=NetQ?_1 Pin=R?-1
Added Net: Name=NetQ?_1
Added Class: Name=alarm
Added Class: Name=czujnik
