Added Component: Designator=B1(button12x12)
Added Component: Designator=Ic1(ESP32-S3)
Added Component: Designator=R1(RESC3116X65X40LL10T20)
Add component (AddParameter): Name = "Manufacturer"; Value = "Yageo"; VariantName = "[No Variations]"
Add component (AddParameter): Name = "Part Number"; Value = "RC1206FR-10750RL"; VariantName = "[No Variations]"
Add Component: Footprint Not Found PCBComponent_1
Added Pin To Net: NetName=GND Pin=Ic1-13
Added Pin To Net: NetName=GND Pin=R1-2
Added Net: Name=GND
Added Pin To Net: NetName=NetB1_1 Pin=B1-1
Added Pin To Net: NetName=NetB1_1 Pin=Ic1-12
Added Net: Name=NetB1_1
Added Pin To Net: NetName=NetB1_4 Pin=B1-4
Added Pin To Net: NetName=NetB1_4 Pin=Ic1-3
Added Pin To Net: NetName=NetB1_4 Pin=R1-1
Added Net: Name=NetB1_4
Added Pin To Net: NetName=NetIc1_1 Pin=Ic1-1
Added Net: Name=NetIc1_1
Added Pin To Net: NetName=NetIc1_2 Pin=Ic1-2
Added Net: Name=NetIc1_2
Added Pin To Net: NetName=NetIc1_7 Pin=Ic1-7
Added Net: Name=NetIc1_7
Added Pin To Net: NetName=NetIc1_8 Pin=Ic1-8
Added Net: Name=NetIc1_8
Added Pin To Net: NetName=NetIc1_14 Pin=Ic1-14
Added Net: Name=NetIc1_14
Added Class: Name=schemat
